<?xml version="1.0" encoding="UTF-8"?>
<!-- Generated by org.testng.reporters.JUnitXMLReporter -->
<testsuite hostname="lathabp-ThinkPad-L470-W10DG" ignored="0" name="suite-test-testng" tests="7" failures="0" timestamp="26 Dec 2019 09:34:39 GMT" time="10800.664" errors="0">
  <testcase name="@BeforeMethod getdriver" time="10800.433" classname="AndroidSetup.AndroidSetup">
    <failure type="org.openqa.selenium.SessionNotCreatedException" message="Unable to create a new remote session. Original error: timeout
Build info: version: &amp;apos;4.0.0-alpha-1&amp;apos;, revision: &amp;apos;d1d3728cae&amp;apos;, time: &amp;apos;2019-04-24T13:42:21&amp;apos;
System info: host: &amp;apos;lathabp-ThinkPad-L470-W10DG&amp;apos;, ip: &amp;apos;127.0.1.1&amp;apos;, os.name: &amp;apos;Linux&amp;apos;, os.arch: &amp;apos;amd64&amp;apos;, os.version: &amp;apos;4.15.0-64-generic&amp;apos;, java.version: &amp;apos;1.8.0_03-Ubuntu&amp;apos;
Driver info: driver.version: AndroidDriver">
      <![CDATA[org.openqa.selenium.SessionNotCreatedException: Unable to create a new remote session. Original error: timeout
Build info: version: '4.0.0-alpha-1', revision: 'd1d3728cae', time: '2019-04-24T13:42:21'
System info: host: 'lathabp-ThinkPad-L470-W10DG', ip: '127.0.1.1', os.name: 'Linux', os.arch: 'amd64', os.version: '4.15.0-64-generic', java.version: '1.8.0_03-Ubuntu'
Driver info: driver.version: AndroidDriver
	at io.appium.java_client.remote.AppiumCommandExecutor$1.createSession(AppiumCommandExecutor.java:208)
	at io.appium.java_client.remote.AppiumCommandExecutor.createSession(AppiumCommandExecutor.java:217)
	at io.appium.java_client.remote.AppiumCommandExecutor.execute(AppiumCommandExecutor.java:239)
	at org.openqa.selenium.remote.RemoteWebDriver.execute(RemoteWebDriver.java:577)
	at org.openqa.selenium.remote.RemoteWebDriver.startSession(RemoteWebDriver.java:211)
	at io.appium.java_client.AppiumDriver.startSession(AppiumDriver.java:323)
	at org.openqa.selenium.remote.RemoteWebDriver.<init>(RemoteWebDriver.java:131)
	at io.appium.java_client.DefaultGenericMobileDriver.<init>(DefaultGenericMobileDriver.java:37)
	at io.appium.java_client.AppiumDriver.<init>(AppiumDriver.java:86)
	at io.appium.java_client.AppiumDriver.<init>(AppiumDriver.java:96)
	at io.appium.java_client.android.AndroidDriver.<init>(AndroidDriver.java:94)
	at AndroidSetup.AndroidSetup.getdriver(AndroidSetup.java:41)
	at io.appium.java_client.remote.AppiumCommandExecutor$1.createSession(AppiumCommandExecutor.java:186)
	... 38 more
Caused by: java.net.SocketTimeoutException: timeout
	at okio.Okio$4.newTimeoutException(Okio.java:232)
	at okio.AsyncTimeout.exit(AsyncTimeout.java:286)
	at okio.AsyncTimeout$2.read(AsyncTimeout.java:241)
	at okio.RealBufferedSource.indexOf(RealBufferedSource.java:358)
	at okio.RealBufferedSource.readUtf8LineStrict(RealBufferedSource.java:230)
	at okhttp3.internal.http1.Http1ExchangeCodec.readHeaderLine(Http1ExchangeCodec.java:238)
	at okhttp3.internal.http1.Http1ExchangeCodec.readResponseHeaders(Http1ExchangeCodec.java:213)
	at okhttp3.internal.connection.Exchange.readResponseHeaders(Exchange.java:115)
	at okhttp3.internal.http.CallServerInterceptor.intercept(CallServerInterceptor.java:94)
	at okhttp3.internal.http.RealInterceptorChain.proceed(RealInterceptorChain.java:142)
	at okhttp3.internal.http.RealInterceptorChain.proceed(RealInterceptorChain.java:117)
	at org.openqa.selenium.remote.internal.OkHttpClient$Factory$1.lambda$createClient$1(OkHttpClient.java:176)
	at okhttp3.internal.http.RealInterceptorChain.proceed(RealInterceptorChain.java:142)
	at okhttp3.internal.connection.ConnectInterceptor.intercept(ConnectInterceptor.java:43)
	at okhttp3.internal.http.RealInterceptorChain.proceed(RealInterceptorChain.java:142)
	at okhttp3.internal.http.RealInterceptorChain.proceed(RealInterceptorChain.java:117)
	at okhttp3.internal.cache.CacheInterceptor.intercept(CacheInterceptor.java:94)
	at okhttp3.internal.http.RealInterceptorChain.proceed(RealInterceptorChain.java:142)
	at okhttp3.internal.http.RealInterceptorChain.proceed(RealInterceptorChain.java:117)
	at okhttp3.internal.http.BridgeInterceptor.intercept(BridgeInterceptor.java:93)
	at okhttp3.internal.http.RealInterceptorChain.proceed(RealInterceptorChain.java:142)
	at okhttp3.internal.http.RetryAndFollowUpInterceptor.intercept(RetryAndFollowUpInterceptor.java:88)
	at okhttp3.internal.http.RealInterceptorChain.proceed(RealInterceptorChain.java:142)
	at okhttp3.internal.http.RealInterceptorChain.proceed(RealInterceptorChain.java:117)
	at okhttp3.RealCall.getResponseWithInterceptorChain(RealCall.java:221)
	at okhttp3.RealCall.execute(RealCall.java:81)
	at org.openqa.selenium.remote.internal.OkHttpClient.execute(OkHttpClient.java:57)
	at org.openqa.selenium.remote.ProtocolHandshake.createSession(ProtocolHandshake.java:105)
	... 43 more
Caused by: java.net.SocketException: Socket closed
	at java.net.SocketInputStream.read(SocketInputStream.java:203)
	at java.net.SocketInputStream.read(SocketInputStream.java:141)
	at okio.Okio$2.read(Okio.java:140)
	at okio.AsyncTimeout$2.read(AsyncTimeout.java:237)
	... 68 more
... Removed 32 stack frames]]>
    </failure>
  </testcase> <!-- @BeforeMethod getdriver -->
  <testcase name="@BeforeMethod getdriver" time="0.0" classname="AndroidSetup.AndroidSetup">
    <skipped/>
  </testcase> <!-- @BeforeMethod getdriver -->
  <testcase name="@BeforeMethod getdriver" time="0.0" classname="AndroidSetup.AndroidSetup">
    <skipped/>
  </testcase> <!-- @BeforeMethod getdriver -->
  <testcase name="@BeforeMethod getdriver" time="0.0" classname="AndroidSetup.AndroidSetup">
    <skipped/>
  </testcase> <!-- @BeforeMethod getdriver -->
  <testcase name="@BeforeMethod getdriver" time="0.0" classname="AndroidSetup.AndroidSetup">
    <skipped/>
  </testcase> <!-- @BeforeMethod getdriver -->
  <testcase name="@BeforeMethod getdriver" time="0.0" classname="AndroidSetup.AndroidSetup">
    <skipped/>
  </testcase> <!-- @BeforeMethod getdriver -->
  <testcase name="@BeforeMethod getdriver" time="0.0" classname="AndroidSetup.AndroidSetup">
    <skipped/>
  </testcase> <!-- @BeforeMethod getdriver -->
  <testcase name="GoTOCheckMyOrder" time="0.01" classname="test.myOrderTest">
    <skipped/>
  </testcase> <!-- GoTOCheckMyOrder -->
  <testcase name="TestvalideLogin" time="0.0" classname="test.Logintest">
    <skipped/>
  </testcase> <!-- TestvalideLogin -->
  <testcase name="ValideLogout" time="0.001" classname="test.logoutTest">
    <skipped/>
  </testcase> <!-- ValideLogout -->
  <testcase name="TestvalideLogin" time="0.0" classname="test.allCategoryTest">
    <skipped/>
  </testcase> <!-- TestvalideLogin -->
  <testcase name="GoToStoreLocatorte" time="0.0" classname="test.storeLocatoreTest">
    <skipped/>
  </testcase> <!-- GoToStoreLocatorte -->
  <testcase name="TestvalideAddCartValue" time="0.0" classname="test.addCartTest">
    <skipped/>
  </testcase> <!-- TestvalideAddCartValue -->
  <testcase name="TestDeliveryMapAddress" time="0.0" classname="test.locationDeliveryTest">
    <skipped/>
  </testcase> <!-- TestDeliveryMapAddress -->
</testsuite> <!-- suite-test-testng -->
