<?xml version="1.0" encoding="UTF-8"?>
<testng-results skipped="0" failed="1" ignored="0" total="1" passed="0">
  <reporter-output>
  </reporter-output>
  <suite name="Default suite" duration-ms="24498" started-at="2019-12-16T12:48:51Z" finished-at="2019-12-16T12:49:16Z">
    <groups>
    </groups>
    <test name="Default test" duration-ms="24498" started-at="2019-12-16T12:48:51Z" finished-at="2019-12-16T12:49:16Z">
      <class name="test.locationDeliveryTest">
        <test-method status="PASS" signature="getdriver()[pri:0, instance:test.locationDeliveryTest@6ddf90b0]" name="getdriver" is-config="true" duration-ms="6087" started-at="2019-12-16T18:18:51Z" finished-at="2019-12-16T18:18:57Z">
          <reporter-output>
          </reporter-output>
        </test-method> <!-- getdriver -->
        <test-method status="FAIL" signature="TestDeliveryMapAddress()[pri:0, instance:test.locationDeliveryTest@6ddf90b0]" name="TestDeliveryMapAddress" duration-ms="17435" started-at="2019-12-16T18:18:57Z" description="SuccesFull addresh change and set for Delivery product" finished-at="2019-12-16T18:19:15Z">
          <exception class="org.openqa.selenium.NoSuchElementException">
            <message>
              <![CDATA[An element could not be located on the page using the given search parameters. (WARNING: The server did not provide any stacktrace information)
Command duration or timeout: 0 milliseconds
For documentation on this error, please visit: https://www.seleniumhq.org/exceptions/no_such_element.html
Build info: version: '4.0.0-alpha-1', revision: 'd1d3728cae', time: '2019-04-24T13:42:21'
System info: host: 'lathabp-ThinkPad-L470-W10DG', ip: '127.0.1.1', os.name: 'Linux', os.arch: 'amd64', os.version: '4.15.0-64-generic', java.version: '1.8.0_03-Ubuntu'
Driver info: io.appium.java_client.android.AndroidDriver
Capabilities {appActivity: com.lulu.commerce.SplashAct..., appPackage: com.lulu.commerce, databaseEnabled: false, desired: {appActivity: com.lulu.commerce.SplashAct..., appPackage: com.lulu.commerce, deviceName: Pixel 2, fullReset: false, noReset: true, platformName: android, platformVersion: 10}, deviceManufacturer: Google, deviceModel: Pixel 2, deviceName: FA7AC1A07832, deviceScreenSize: 1080x1920, deviceUDID: FA7AC1A07832, fullReset: false, javascriptEnabled: true, locationContextEnabled: false, networkConnectionEnabled: true, noReset: true, platform: LINUX, platformName: Android, platformVersion: 10, takesScreenshot: true, warnings: {}, webStorageEnabled: false}
Session ID: b205504a-c297-4f4d-acd3-e5349f8307b1
*** Element info: {Using=id, value=com.lulu.commerce:id/btnDeliveryLocation}]]>
            </message>
            <full-stacktrace>
              <![CDATA[org.openqa.selenium.NoSuchElementException: An element could not be located on the page using the given search parameters. (WARNING: The server did not provide any stacktrace information)
Command duration or timeout: 0 milliseconds
For documentation on this error, please visit: https://www.seleniumhq.org/exceptions/no_such_element.html
Build info: version: '4.0.0-alpha-1', revision: 'd1d3728cae', time: '2019-04-24T13:42:21'
System info: host: 'lathabp-ThinkPad-L470-W10DG', ip: '127.0.1.1', os.name: 'Linux', os.arch: 'amd64', os.version: '4.15.0-64-generic', java.version: '1.8.0_03-Ubuntu'
Driver info: io.appium.java_client.android.AndroidDriver
Capabilities {appActivity: com.lulu.commerce.SplashAct..., appPackage: com.lulu.commerce, databaseEnabled: false, desired: {appActivity: com.lulu.commerce.SplashAct..., appPackage: com.lulu.commerce, deviceName: Pixel 2, fullReset: false, noReset: true, platformName: android, platformVersion: 10}, deviceManufacturer: Google, deviceModel: Pixel 2, deviceName: FA7AC1A07832, deviceScreenSize: 1080x1920, deviceUDID: FA7AC1A07832, fullReset: false, javascriptEnabled: true, locationContextEnabled: false, networkConnectionEnabled: true, noReset: true, platform: LINUX, platformName: Android, platformVersion: 10, takesScreenshot: true, warnings: {}, webStorageEnabled: false}
Session ID: b205504a-c297-4f4d-acd3-e5349f8307b1
*** Element info: {Using=id, value=com.lulu.commerce:id/btnDeliveryLocation}
	at sun.reflect.NativeConstructorAccessorImpl.newInstance0(Native Method)
	at sun.reflect.NativeConstructorAccessorImpl.newInstance(NativeConstructorAccessorImpl.java:62)
	at sun.reflect.DelegatingConstructorAccessorImpl.newInstance(DelegatingConstructorAccessorImpl.java:45)
	at java.lang.reflect.Constructor.newInstance(Constructor.java:423)
	at org.openqa.selenium.remote.ErrorHandler.createThrowable(ErrorHandler.java:214)
	at org.openqa.selenium.remote.ErrorHandler.throwIfResponseFailed(ErrorHandler.java:166)
	at org.openqa.selenium.remote.codec.jwp.JsonHttpResponseCodec.reconstructValue(JsonHttpResponseCodec.java:41)
	at org.openqa.selenium.remote.codec.AbstractHttpResponseCodec.decode(AbstractHttpResponseCodec.java:81)
	at org.openqa.selenium.remote.codec.AbstractHttpResponseCodec.decode(AbstractHttpResponseCodec.java:45)
	at org.openqa.selenium.remote.HttpCommandExecutor.execute(HttpCommandExecutor.java:161)
	at io.appium.java_client.remote.AppiumCommandExecutor.execute(AppiumCommandExecutor.java:239)
	at org.openqa.selenium.remote.RemoteWebDriver.execute(RemoteWebDriver.java:577)
	at org.openqa.selenium.remote.RemoteWebDriver.findElement(RemoteWebDriver.java:328)
	at io.appium.java_client.DefaultGenericMobileDriver.findElement(DefaultGenericMobileDriver.java:61)
	at io.appium.java_client.AppiumDriver.findElement(AppiumDriver.java:1)
	at io.appium.java_client.android.AndroidDriver.findElement(AndroidDriver.java:1)
	at org.openqa.selenium.remote.RemoteWebDriver.findElementById(RemoteWebDriver.java:376)
	at io.appium.java_client.DefaultGenericMobileDriver.findElementById(DefaultGenericMobileDriver.java:69)
	at io.appium.java_client.AppiumDriver.findElementById(AppiumDriver.java:1)
	at io.appium.java_client.android.AndroidDriver.findElementById(AndroidDriver.java:1)
	at org.openqa.selenium.By$ById.findElement(By.java:188)
	at org.openqa.selenium.remote.RemoteWebDriver.findElement(RemoteWebDriver.java:320)
	at io.appium.java_client.DefaultGenericMobileDriver.findElement(DefaultGenericMobileDriver.java:57)
	at io.appium.java_client.AppiumDriver.findElement(AppiumDriver.java:1)
	at io.appium.java_client.android.AndroidDriver.findElement(AndroidDriver.java:1)
	at AndroidSetup.AndroidSetup.click(AndroidSetup.java:72)
	at Step.locationDeliveryStep.ClickOnDeliveryLocation(locationDeliveryStep.java:16)
	at feature.locationDeliveryFeature.GoToDeliveryMap(locationDeliveryFeature.java:10)
	at test.locationDeliveryTest.TestDeliveryMapAddress(locationDeliveryTest.java:11)
	at sun.reflect.NativeMethodAccessorImpl.invoke0(Native Method)
	at sun.reflect.NativeMethodAccessorImpl.invoke(NativeMethodAccessorImpl.java:62)
	at sun.reflect.DelegatingMethodAccessorImpl.invoke(DelegatingMethodAccessorImpl.java:43)
	at java.lang.reflect.Method.invoke(Method.java:498)
	at org.testng.internal.MethodInvocationHelper.invokeMethod(MethodInvocationHelper.java:108)
	at org.testng.internal.Invoker.invokeMethod(Invoker.java:661)
	at org.testng.internal.Invoker.invokeTestMethod(Invoker.java:869)
	at org.testng.internal.Invoker.invokeTestMethods(Invoker.java:1193)
	at org.testng.internal.TestMethodWorker.invokeTestMethods(TestMethodWorker.java:126)
	at org.testng.internal.TestMethodWorker.run(TestMethodWorker.java:109)
	at org.testng.TestRunner.privateRun(TestRunner.java:744)
	at org.testng.TestRunner.run(TestRunner.java:602)
	at org.testng.SuiteRunner.runTest(SuiteRunner.java:380)
	at org.testng.SuiteRunner.runSequentially(SuiteRunner.java:375)
	at org.testng.SuiteRunner.privateRun(SuiteRunner.java:340)
	at org.testng.SuiteRunner.run(SuiteRunner.java:289)
	at org.testng.SuiteRunnerWorker.runSuite(SuiteRunnerWorker.java:52)
	at org.testng.SuiteRunnerWorker.run(SuiteRunnerWorker.java:86)
	at org.testng.TestNG.runSuitesSequentially(TestNG.java:1301)
	at org.testng.TestNG.runSuitesLocally(TestNG.java:1226)
	at org.testng.TestNG.runSuites(TestNG.java:1144)
	at org.testng.TestNG.run(TestNG.java:1115)
	at org.testng.remote.AbstractRemoteTestNG.run(AbstractRemoteTestNG.java:115)
	at org.testng.remote.RemoteTestNG.initAndRun(RemoteTestNG.java:251)
	at org.testng.remote.RemoteTestNG.main(RemoteTestNG.java:77)
]]>
            </full-stacktrace>
          </exception> <!-- org.openqa.selenium.NoSuchElementException -->
          <reporter-output>
          </reporter-output>
        </test-method> <!-- TestDeliveryMapAddress -->
        <test-method status="PASS" signature="tearDown()[pri:0, instance:test.locationDeliveryTest@6ddf90b0]" name="tearDown" is-config="true" duration-ms="950" started-at="2019-12-16T18:19:15Z" finished-at="2019-12-16T18:19:16Z">
          <reporter-output>
          </reporter-output>
        </test-method> <!-- tearDown -->
      </class> <!-- test.locationDeliveryTest -->
    </test> <!-- Default test -->
  </suite> <!-- Default suite -->
</testng-results>
